Arguments: 
  D:\software\node\node.exe D:\software\node\node_global\node_modules\@vue\cli\node_modules\yarn\bin\yarn.js install

PATH: 
  C:\Windows\system32;C:\Windows;C:\Windows\System32\Wbem;C:\Windows\System32\WindowsPowerShell\v1.0\;C:\Windows\System32\OpenSSH\;C:\Program Files\NVIDIA Corporation\NVIDIA NvDLISR;D:\software\node\;D:\software\tortoisesvn\bin;C:\Program Files\MongoDB\Server\4.2\bin;C:\Program Files (x86)\Java\jdk1.8.0_102\bin;C:\Program Files (x86)\Java\jdk1.8.0_102\jre1.8.0_102\bin;D:\software\flutter\flutter\bin;C:\Users\18379\AppData\Local\Temp\HZ$D.707.2366\HZ$D.707.2367\HBuilderX\plugins\launcher\tools\adbs;D:\software\node\node_global\node_modules\@vue\cli\node_modules\.bin;C:\Users\18379\AppData\Local\Yarn\bin;C:\WINDOWS\system32;C:\WINDOWS;C:\WINDOWS\System32\Wbem;C:\WINDOWS\System32\WindowsPowerShell\v1.0\;C:\WINDOWS\System32\OpenSSH\;C:\Program Files\Git\cmd;C:\Python27;C:\Program Files\MongoDB\Server\5.0\bin;C:\Users\18379\AppData\Roaming\npm;D:\software\Ruby23-x64\bin;C:\Users\18379\AppData\Local\Microsoft\WindowsApps;D:\software\Microsoft VS Code\bin;D:\software\node\node_global;D:\dartsdk-windows-x64-release\dart-sdk\bin;C:\Program Files\mysql-8.0.25-winx64\bin;

Yarn version: 
  1.22.4

Node version: 
  14.17.3

Platform: 
  win32 x64

Trace: 
  Error: getaddrinfo ENOTFOUND registry.npmjs.org
      at GetAddrInfoReqWrap.onlookup [as oncomplete] (dns.js:69:26)

npm manifest: 
  {
    "name": "pinyin-match",
    "version": "1.2.2",
    "description": "支持多音字, 繁体字，首字母缩写的拼音搜索引擎",
    "typings": "index.d.ts",
    "main": "lib/main.js",
    "unpkg": "dist/main.js",
    "module": "es/main.js",
    "scripts": {
      "test": "mocha",
      "build": "cross-env NODE_ENV=production rollup -c",
      "dev": "rollup -c -w"
    },
    "keywords": [
      "拼音",
      "chinese",
      "pinyin",
      "match"
    ],
    "repository": {
      "type": "git",
      "url": "https://github.com/xmflswood/pinyin-match.git"
    },
    "author": "774898896@qq.com",
    "license": "SATA",
    "devDependencies": {
      "@babel/core": "^7.12.9",
      "@babel/plugin-transform-runtime": "^7.12.10",
      "@babel/preset-env": "^7.12.7",
      "babel-plugin-add-module-exports": "^1.0.4",
      "cross-env": "^7.0.3",
      "mocha": "^5.2.0",
      "rollup": "^2.50.1",
      "rollup-plugin-babel": "^4.4.0",
      "rollup-plugin-serve": "^1.1.0",
      "rollup-plugin-terser": "^7.0.2"
    }
  }

yarn manifest: 
  No manifest

Lockfile: 
  No lockfile
